<!DOCTYPE html PUBLIC "-//W3C//DTD XHTML 1.1//EN" "http://www.w3.org/TR/xhtml11/DTD/xhtml11.dtd">
<html xmlns="http://www.w3.org/1999/xhtml"><head><title>TestNG Report</title><style type="text/css">table {margin-bottom:10px;border-collapse:collapse;empty-cells:show}th,td {border:1px solid #009;padding:.25em .5em}th {vertical-align:bottom}td {vertical-align:top}table a {font-weight:bold}.stripe td {background-color: #E6EBF9}.num {text-align:right}.passedodd td {background-color: #3F3}.passedeven td {background-color: #0A0}.skippedodd td {background-color: #DDD}.skippedeven td {background-color: #CCC}.failedodd td,.attn {background-color: #F33}.failedeven td,.stripe .attn {background-color: #D00}.stacktrace {white-space:pre;font-family:monospace}.totop {font-size:85%;text-align:center;border-bottom:2px solid #000}</style></head><body><table><tr><th>Test</th><th># Passed</th><th># Skipped</th><th># Failed</th><th>Time (ms)</th><th>Included Groups</th><th>Excluded Groups</th></tr><tr><th colspan="7">Big Suite</th></tr><tr><td><a href="#t0">FirstTest-test</a></td><td class="num">1</td><td class="num">0</td><td class="num attn">2</td><td class="num">17,174</td><td></td><td></td></tr><tr class="stripe"><td><a href="#t1">Troubleshooting</a></td><td class="num">3</td><td class="num">0</td><td class="num attn">1</td><td class="num">40,942</td><td></td><td></td></tr><tr><th>Total</th><th class="num">4</th><th class="num">0</th><th class="num attn">3</th><th class="num">58,116</th><th colspan="2"></th></tr></table><table><thead><tr><th>Class</th><th>Method</th><th>Start</th><th>Time (ms)</th></tr></thead><tbody><tr><th colspan="4">Big Suite</th></tr></tbody><tbody id="t0"><tr><th colspan="4">FirstTest-test &#8212; failed</th></tr><tr class="failedeven"><td rowspan="2">com.packt.tests.FirstTest</td><td><a href="#m0">firstTest</a></td><td rowspan="1">1522356344498</td><td rowspan="1">3333</td></tr><tr class="failedeven"><td><a href="#m1">negativeLogInTest</a></td><td rowspan="1">1522356355148</td><td rowspan="1">1818</td></tr><tr><th colspan="4">FirstTest-test &#8212; passed</th></tr><tr class="passedeven"><td rowspan="1">com.packt.tests.FirstTest</td><td><a href="#m2">negativeLogInTest</a></td><td rowspan="1">1522356350553</td><td rowspan="1">1965</td></tr></tbody><tbody id="t1"><tr><th colspan="4">Troubleshooting &#8212; failed</th></tr><tr class="failedeven"><td rowspan="1">com.packt.tests.Troubleshooting</td><td><a href="#m3">waitTest</a></td><td rowspan="1">1522356374194</td><td rowspan="1">6570</td></tr><tr><th colspan="4">Troubleshooting &#8212; passed</th></tr><tr class="passedeven"><td rowspan="3">com.packt.tests.Troubleshooting</td><td><a href="#m4">otherTest</a></td><td rowspan="1">1522356344295</td><td rowspan="1">11258</td></tr><tr class="passedeven"><td><a href="#m5">staleElementTest</a></td><td rowspan="1">1522356358736</td><td rowspan="1">2888</td></tr><tr class="passedeven"><td><a href="#m6">visibilityTest</a></td><td rowspan="1">1522356364267</td><td rowspan="1">7321</td></tr></tbody></table><h2>FirstTest-test</h2><h3 id="m0">com.packt.tests.FirstTest#firstTest</h3><table class="result"><tr class="param"><th>Parameter #1</th><th>Parameter #2</th></tr><tr class="param stripe"><td>tomsmith</td><td>SuperSecretPassword!</td></tr><tr><th colspan="2">Exception</th></tr><tr><td colspan="2"><div class="stacktrace">java.lang.AssertionError: The following asserts failed:
Page source doesn&apos;t contain expected text: You logged into a secure area!Broken
	at com.packt.tests.FirstTest.firstTest(FirstTest.java:42)
	at java.util.concurrent.FutureTask.run(FutureTask.java:266)
	at java.util.concurrent.ThreadPoolExecutor.runWorker(ThreadPoolExecutor.java:1142)
	at java.util.concurrent.ThreadPoolExecutor$Worker.run(ThreadPoolExecutor.java:617)
	at java.lang.Thread.run(Thread.java:745)
... Removed 17 stack frames</div></td></tr></table><p class="totop"><a href="#summary">back to summary</a></p><h3 id="m1">com.packt.tests.FirstTest#negativeLogInTest</h3><table class="result"><tr class="param"><th>Parameter #1</th></tr><tr class="param stripe"><td>{no=2, password=IncorrectPassword, expectedError=Your password is invalid!Broken, username=tomsmith}</td></tr><tr><th>Exception</th></tr><tr><td><div class="stacktrace">java.lang.AssertionError: Actual and expected error messages are different. 
Expected: Your password is invalid!Broken 
Actual: Your password is invalid!
? expected [true] but found [false]
	at com.packt.tests.FirstTest.negativeLogInTest(FirstTest.java:61)
	at java.util.concurrent.FutureTask.run(FutureTask.java:266)
	at java.util.concurrent.ThreadPoolExecutor.runWorker(ThreadPoolExecutor.java:1142)
	at java.util.concurrent.ThreadPoolExecutor$Worker.run(ThreadPoolExecutor.java:617)
	at java.lang.Thread.run(Thread.java:745)
... Removed 19 stack frames</div></td></tr></table><p class="totop"><a href="#summary">back to summary</a></p><h3 id="m2">com.packt.tests.FirstTest#negativeLogInTest</h3><table class="result"><tr class="param"><th>Parameter #1</th></tr><tr class="param stripe"><td>{no=1, password=SuperSecretPassword!, expectedError=Your username is invalid!, username=IncorrectUsername}</td></tr></table><p class="totop"><a href="#summary">back to summary</a></p><h2>Troubleshooting</h2><h3 id="m3">com.packt.tests.Troubleshooting#waitTest</h3><table class="result"><tr><th>Exception</th></tr><tr><td><div class="stacktrace">java.lang.AssertionError: &apos;Good Bye World! text is not present on the page.&apos; expected [true] but found [false]
	at com.packt.tests.Troubleshooting.waitTest(Troubleshooting.java:32)
	at java.util.concurrent.FutureTask.run(FutureTask.java:266)
	at java.util.concurrent.ThreadPoolExecutor.runWorker(ThreadPoolExecutor.java:1142)
	at java.util.concurrent.ThreadPoolExecutor$Worker.run(ThreadPoolExecutor.java:617)
	at java.lang.Thread.run(Thread.java:745)
... Removed 19 stack frames</div></td></tr></table><p class="totop"><a href="#summary">back to summary</a></p><h3 id="m4">com.packt.tests.Troubleshooting#otherTest</h3><table class="result"></table><p class="totop"><a href="#summary">back to summary</a></p><h3 id="m5">com.packt.tests.Troubleshooting#staleElementTest</h3><table class="result"></table><p class="totop"><a href="#summary">back to summary</a></p><h3 id="m6">com.packt.tests.Troubleshooting#visibilityTest</h3><table class="result"></table><p class="totop"><a href="#summary">back to summary</a></p></body></html>