<!DOCTYPE html>

<html>
  <head>
  <title>TestNG reports</title>

    <link type="text/css" href="testng-reports.css" rel="stylesheet" />  
    <script type="text/javascript" src="jquery-1.7.1.min.js"></script>
    <script type="text/javascript" src="testng-reports.js"></script>
    <script type="text/javascript" src="https://www.google.com/jsapi"></script>
    <script type='text/javascript'>
      google.load('visualization', '1', {packages:['table']});
      google.setOnLoadCallback(drawTable);
      var suiteTableInitFunctions = new Array();
      var suiteTableData = new Array();
    </script>
    <!--
      <script type="text/javascript" src="jquery-ui/js/jquery-ui-1.8.16.custom.min.js"></script>
     -->
  </head>

  <body>
    <div class="top-banner-root">
      <span class="top-banner-title-font">Test results</span>
      <br/>
      <span class="top-banner-font-1">1 suite, 3 failed tests</span>
    </div> <!-- top-banner-root -->
    <div class="navigator-root">
      <div class="navigator-suite-header">
        <span>All suites</span>
        <a href="#" class="collapse-all-link" title="Collapse/expand all the suites">
          <img class="collapse-all-icon" src="collapseall.gif">
          </img> <!-- collapse-all-icon -->
        </a> <!-- collapse-all-link -->
      </div> <!-- navigator-suite-header -->
      <div class="suite">
        <div class="rounded-window">
          <div class="suite-header light-rounded-window-top">
            <a href="#" class="navigator-link" panel-name="suite-Big_Suite">
              <span class="suite-name border-failed">Big Suite</span>
            </a> <!-- navigator-link -->
          </div> <!-- suite-header light-rounded-window-top -->
          <div class="navigator-suite-content">
            <div class="suite-section-title">
              <span>Info</span>
            </div> <!-- suite-section-title -->
            <div class="suite-section-content">
              <ul>
                <li>
                  <a href="#" class="navigator-link " panel-name="test-xml-Big_Suite">
                    <span>C:\Users\Dee\workspace\AutomatedTest\src\test\resources\testng.xml</span>
                  </a> <!-- navigator-link  -->
                </li>
                <li>
                  <a href="#" class="navigator-link " panel-name="testlist-Big_Suite">
                    <span class="test-stats">2 tests</span>
                  </a> <!-- navigator-link  -->
                </li>
                <li>
                  <a href="#" class="navigator-link " panel-name="group-Big_Suite">
                    <span>0 groups</span>
                  </a> <!-- navigator-link  -->
                </li>
                <li>
                  <a href="#" class="navigator-link " panel-name="times-Big_Suite">
                    <span>Times</span>
                  </a> <!-- navigator-link  -->
                </li>
                <li>
                  <a href="#" class="navigator-link " panel-name="reporter-Big_Suite">
                    <span>Reporter output</span>
                  </a> <!-- navigator-link  -->
                </li>
                <li>
                  <a href="#" class="navigator-link " panel-name="ignored-methods-Big_Suite">
                    <span>Ignored methods</span>
                  </a> <!-- navigator-link  -->
                </li>
                <li>
                  <a href="#" class="navigator-link " panel-name="chronological-Big_Suite">
                    <span>Chronological view</span>
                  </a> <!-- navigator-link  -->
                </li>
              </ul>
            </div> <!-- suite-section-content -->
            <div class="result-section">
              <div class="suite-section-title">
                <span>Results</span>
              </div> <!-- suite-section-title -->
              <div class="suite-section-content">
                <ul>
                  <li>
                    <span class="method-stats">7 methods, 3 failed,   4 passed</span>
                  </li>
                  <li>
                    <span class="method-list-title failed">Failed methods</span>
                    <span class="show-or-hide-methods failed">
                      <a href="#" panel-name="suite-Big_Suite" class="hide-methods failed suite-Big_Suite"> (hide)</a> <!-- hide-methods failed suite-Big_Suite -->
                      <a href="#" panel-name="suite-Big_Suite" class="show-methods failed suite-Big_Suite"> (show)</a> <!-- show-methods failed suite-Big_Suite -->
                    </span>
                    <div class="method-list-content failed suite-Big_Suite">
                      <span>
                        <img width="3%" src="failed.png"/>
                        <a href="#" class="method navigator-link" panel-name="suite-Big_Suite" title="com.packt.tests.FirstTest" hash-for-method="firstTest(tomsmith, SuperSecretPassword!)">firstTest(tomsmith, SuperSecretPassword!)</a> <!-- method navigator-link -->
                      </span>
                      <br/>
                      <span>
                        <img width="3%" src="failed.png"/>
                        <a href="#" class="method navigator-link" panel-name="suite-Big_Suite" title="com.packt.tests.FirstTest" hash-for-method="negativeLogInTest({no=2, password=IncorrectPassword, expectedError=Your password is invalid!Broken, username=tomsmith})">negativeLogInTest({no=2, password=IncorrectPassword, expectedError=Your password is invalid!Broken, username=tomsmith})</a> <!-- method navigator-link -->
                      </span>
                      <br/>
                      <span>
                        <img width="3%" src="failed.png"/>
                        <a href="#" class="method navigator-link" panel-name="suite-Big_Suite" title="com.packt.tests.Troubleshooting" hash-for-method="waitTest">waitTest</a> <!-- method navigator-link -->
                      </span>
                      <br/>
                    </div> <!-- method-list-content failed suite-Big_Suite -->
                  </li>
                  <li>
                    <span class="method-list-title passed">Passed methods</span>
                    <span class="show-or-hide-methods passed">
                      <a href="#" panel-name="suite-Big_Suite" class="hide-methods passed suite-Big_Suite"> (hide)</a> <!-- hide-methods passed suite-Big_Suite -->
                      <a href="#" panel-name="suite-Big_Suite" class="show-methods passed suite-Big_Suite"> (show)</a> <!-- show-methods passed suite-Big_Suite -->
                    </span>
                    <div class="method-list-content passed suite-Big_Suite">
                      <span>
                        <img width="3%" src="passed.png"/>
                        <a href="#" class="method navigator-link" panel-name="suite-Big_Suite" title="com.packt.tests.FirstTest" hash-for-method="negativeLogInTest({no=1, password=SuperSecretPassword!, expectedError=Your username is invalid!, username=IncorrectUse...)">negativeLogInTest({no=1, password=SuperSecretPassword!, expectedError=Your username is invalid!, username=IncorrectUse...)</a> <!-- method navigator-link -->
                      </span>
                      <br/>
                      <span>
                        <img width="3%" src="passed.png"/>
                        <a href="#" class="method navigator-link" panel-name="suite-Big_Suite" title="com.packt.tests.Troubleshooting" hash-for-method="otherTest">otherTest</a> <!-- method navigator-link -->
                      </span>
                      <br/>
                      <span>
                        <img width="3%" src="passed.png"/>
                        <a href="#" class="method navigator-link" panel-name="suite-Big_Suite" title="com.packt.tests.Troubleshooting" hash-for-method="staleElementTest">staleElementTest</a> <!-- method navigator-link -->
                      </span>
                      <br/>
                      <span>
                        <img width="3%" src="passed.png"/>
                        <a href="#" class="method navigator-link" panel-name="suite-Big_Suite" title="com.packt.tests.Troubleshooting" hash-for-method="visibilityTest">visibilityTest</a> <!-- method navigator-link -->
                      </span>
                      <br/>
                    </div> <!-- method-list-content passed suite-Big_Suite -->
                  </li>
                </ul>
              </div> <!-- suite-section-content -->
            </div> <!-- result-section -->
          </div> <!-- navigator-suite-content -->
        </div> <!-- rounded-window -->
      </div> <!-- suite -->
    </div> <!-- navigator-root -->
    <div class="wrapper">
      <div class="main-panel-root">
        <div panel-name="suite-Big_Suite" class="panel Big_Suite">
          <div class="suite-Big_Suite-class-failed">
            <div class="main-panel-header rounded-window-top">
              <img src="failed.png"/>
              <span class="class-name">com.packt.tests.FirstTest</span>
            </div> <!-- main-panel-header rounded-window-top -->
            <div class="main-panel-content rounded-window-bottom">
              <div class="method">
                <div class="method-content">
                  <a name="firstTest(tomsmith, SuperSecretPassword!)">
                  </a> <!-- firstTest(tomsmith, SuperSecretPassword!) -->
                  <span class="method-name">firstTest</span>
                  <span class="parameters">(tomsmith, SuperSecretPassword!)</span>
                  <div class="stack-trace">java.lang.AssertionError: The following asserts failed:
Page source doesn&apos;t contain expected text: You logged into a secure area!Broken
	at com.packt.tests.FirstTest.firstTest(FirstTest.java:42)
	at java.util.concurrent.FutureTask.run(FutureTask.java:266)
	at java.util.concurrent.ThreadPoolExecutor.runWorker(ThreadPoolExecutor.java:1142)
	at java.util.concurrent.ThreadPoolExecutor$Worker.run(ThreadPoolExecutor.java:617)
	at java.lang.Thread.run(Thread.java:745)
... Removed 17 stack frames
</div> <!-- stack-trace -->
                </div> <!-- method-content -->
              </div> <!-- method -->
              <div class="method">
                <div class="method-content">
                  <a name="negativeLogInTest({no=2, password=IncorrectPassword, expectedError=Your password is invalid!Broken, username=tomsmith})">
                  </a> <!-- negativeLogInTest({no=2, password=IncorrectPassword, expectedError=Your password is invalid!Broken, username=tomsmith}) -->
                  <span class="method-name">negativeLogInTest</span>
                  <span class="parameters">({no=2, password=IncorrectPassword, expectedError=Your password is invalid!Broken, username=tomsmith})</span>
                  <div class="stack-trace">java.lang.AssertionError: Actual and expected error messages are different. 
Expected: Your password is invalid!Broken 
Actual: Your password is invalid!
? expected [true] but found [false]
	at com.packt.tests.FirstTest.negativeLogInTest(FirstTest.java:61)
	at java.util.concurrent.FutureTask.run(FutureTask.java:266)
	at java.util.concurrent.ThreadPoolExecutor.runWorker(ThreadPoolExecutor.java:1142)
	at java.util.concurrent.ThreadPoolExecutor$Worker.run(ThreadPoolExecutor.java:617)
	at java.lang.Thread.run(Thread.java:745)
... Removed 19 stack frames
</div> <!-- stack-trace -->
                </div> <!-- method-content -->
              </div> <!-- method -->
            </div> <!-- main-panel-content rounded-window-bottom -->
          </div> <!-- suite-Big_Suite-class-failed -->
          <div class="suite-Big_Suite-class-failed">
            <div class="main-panel-header rounded-window-top">
              <img src="failed.png"/>
              <span class="class-name">com.packt.tests.Troubleshooting</span>
            </div> <!-- main-panel-header rounded-window-top -->
            <div class="main-panel-content rounded-window-bottom">
              <div class="method">
                <div class="method-content">
                  <a name="waitTest">
                  </a> <!-- waitTest -->
                  <span class="method-name">waitTest</span>
                  <div class="stack-trace">java.lang.AssertionError: &apos;Good Bye World! text is not present on the page.&apos; expected [true] but found [false]
	at com.packt.tests.Troubleshooting.waitTest(Troubleshooting.java:32)
	at java.util.concurrent.FutureTask.run(FutureTask.java:266)
	at java.util.concurrent.ThreadPoolExecutor.runWorker(ThreadPoolExecutor.java:1142)
	at java.util.concurrent.ThreadPoolExecutor$Worker.run(ThreadPoolExecutor.java:617)
	at java.lang.Thread.run(Thread.java:745)
... Removed 19 stack frames
</div> <!-- stack-trace -->
                </div> <!-- method-content -->
              </div> <!-- method -->
            </div> <!-- main-panel-content rounded-window-bottom -->
          </div> <!-- suite-Big_Suite-class-failed -->
          <div class="suite-Big_Suite-class-passed">
            <div class="main-panel-header rounded-window-top">
              <img src="passed.png"/>
              <span class="class-name">com.packt.tests.FirstTest</span>
            </div> <!-- main-panel-header rounded-window-top -->
            <div class="main-panel-content rounded-window-bottom">
              <div class="method">
                <div class="method-content">
                  <a name="negativeLogInTest({no=1, password=SuperSecretPassword!, expectedError=Your username is invalid!, username=IncorrectUse...)">
                  </a> <!-- negativeLogInTest({no=1, password=SuperSecretPassword!, expectedError=Your username is invalid!, username=IncorrectUse...) -->
                  <span class="method-name">negativeLogInTest</span>
                  <span class="parameters">({no=1, password=SuperSecretPassword!, expectedError=Your username is invalid!, username=IncorrectUsername})</span>
                </div> <!-- method-content -->
              </div> <!-- method -->
            </div> <!-- main-panel-content rounded-window-bottom -->
          </div> <!-- suite-Big_Suite-class-passed -->
          <div class="suite-Big_Suite-class-passed">
            <div class="main-panel-header rounded-window-top">
              <img src="passed.png"/>
              <span class="class-name">com.packt.tests.Troubleshooting</span>
            </div> <!-- main-panel-header rounded-window-top -->
            <div class="main-panel-content rounded-window-bottom">
              <div class="method">
                <div class="method-content">
                  <a name="otherTest">
                  </a> <!-- otherTest -->
                  <span class="method-name">otherTest</span>
                </div> <!-- method-content -->
              </div> <!-- method -->
              <div class="method">
                <div class="method-content">
                  <a name="staleElementTest">
                  </a> <!-- staleElementTest -->
                  <span class="method-name">staleElementTest</span>
                </div> <!-- method-content -->
              </div> <!-- method -->
              <div class="method">
                <div class="method-content">
                  <a name="visibilityTest">
                  </a> <!-- visibilityTest -->
                  <span class="method-name">visibilityTest</span>
                </div> <!-- method-content -->
              </div> <!-- method -->
            </div> <!-- main-panel-content rounded-window-bottom -->
          </div> <!-- suite-Big_Suite-class-passed -->
        </div> <!-- panel Big_Suite -->
        <div panel-name="test-xml-Big_Suite" class="panel">
          <div class="main-panel-header rounded-window-top">
            <span class="header-content">C:\Users\Dee\workspace\AutomatedTest\src\test\resources\testng.xml</span>
          </div> <!-- main-panel-header rounded-window-top -->
          <div class="main-panel-content rounded-window-bottom">
            <pre>
&lt;?xml version=&quot;1.0&quot; encoding=&quot;UTF-8&quot;?&gt;
&lt;!DOCTYPE suite SYSTEM &quot;http://testng.org/testng-1.0.dtd&quot;&gt;
&lt;suite thread-count=&quot;3&quot; name=&quot;Big Suite&quot; parallel=&quot;tests&quot;&gt;
  &lt;listeners&gt;
    &lt;listener class-name=&quot;com.packt.base.ExtentReportListener&quot;/&gt;
  &lt;/listeners&gt;
  &lt;test name=&quot;FirstTest-test&quot;&gt;
    &lt;parameter name=&quot;password&quot; value=&quot;SuperSecretPassword!&quot;/&gt;
    &lt;parameter name=&quot;username&quot; value=&quot;tomsmith&quot;/&gt;
    &lt;classes&gt;
      &lt;class name=&quot;com.packt.tests.FirstTest&quot;/&gt;
    &lt;/classes&gt;
  &lt;/test&gt; &lt;!-- FirstTest-test --&gt;
  &lt;test name=&quot;Troubleshooting&quot;&gt;
    &lt;classes&gt;
      &lt;class name=&quot;com.packt.tests.Troubleshooting&quot;/&gt;
    &lt;/classes&gt;
  &lt;/test&gt; &lt;!-- Troubleshooting --&gt;
&lt;/suite&gt; &lt;!-- Big Suite --&gt;
            </pre>
          </div> <!-- main-panel-content rounded-window-bottom -->
        </div> <!-- panel -->
        <div panel-name="testlist-Big_Suite" class="panel">
          <div class="main-panel-header rounded-window-top">
            <span class="header-content">Tests for Big Suite</span>
          </div> <!-- main-panel-header rounded-window-top -->
          <div class="main-panel-content rounded-window-bottom">
            <ul>
              <li>
                <span class="test-name">FirstTest-test (1 class)</span>
              </li>
              <li>
                <span class="test-name">Troubleshooting (1 class)</span>
              </li>
            </ul>
          </div> <!-- main-panel-content rounded-window-bottom -->
        </div> <!-- panel -->
        <div panel-name="group-Big_Suite" class="panel">
          <div class="main-panel-header rounded-window-top">
            <span class="header-content">Groups for Big Suite</span>
          </div> <!-- main-panel-header rounded-window-top -->
          <div class="main-panel-content rounded-window-bottom">
          </div> <!-- main-panel-content rounded-window-bottom -->
        </div> <!-- panel -->
        <div panel-name="times-Big_Suite" class="panel">
          <div class="main-panel-header rounded-window-top">
            <span class="header-content">Times for Big Suite</span>
          </div> <!-- main-panel-header rounded-window-top -->
          <div class="main-panel-content rounded-window-bottom">
            <div class="times-div">
              <script type="text/javascript">
suiteTableInitFunctions.push('tableData_Big_Suite');
function tableData_Big_Suite() {
var data = new google.visualization.DataTable();
data.addColumn('number', 'Number');
data.addColumn('string', 'Method');
data.addColumn('string', 'Class');
data.addColumn('number', 'Time (ms)');
data.addRows(7);
data.setCell(0, 0, 0)
data.setCell(0, 1, 'otherTest')
data.setCell(0, 2, 'com.packt.tests.Troubleshooting')
data.setCell(0, 3, 11258);
data.setCell(1, 0, 1)
data.setCell(1, 1, 'visibilityTest')
data.setCell(1, 2, 'com.packt.tests.Troubleshooting')
data.setCell(1, 3, 7321);
data.setCell(2, 0, 2)
data.setCell(2, 1, 'waitTest')
data.setCell(2, 2, 'com.packt.tests.Troubleshooting')
data.setCell(2, 3, 6570);
data.setCell(3, 0, 3)
data.setCell(3, 1, 'firstTest')
data.setCell(3, 2, 'com.packt.tests.FirstTest')
data.setCell(3, 3, 3333);
data.setCell(4, 0, 4)
data.setCell(4, 1, 'staleElementTest')
data.setCell(4, 2, 'com.packt.tests.Troubleshooting')
data.setCell(4, 3, 2888);
data.setCell(5, 0, 5)
data.setCell(5, 1, 'negativeLogInTest')
data.setCell(5, 2, 'com.packt.tests.FirstTest')
data.setCell(5, 3, 1965);
data.setCell(6, 0, 6)
data.setCell(6, 1, 'negativeLogInTest')
data.setCell(6, 2, 'com.packt.tests.FirstTest')
data.setCell(6, 3, 1818);
window.suiteTableData['Big_Suite']= { tableData: data, tableDiv: 'times-div-Big_Suite'}
return data;
}
              </script>
              <span class="suite-total-time">Total running time: 35 seconds</span>
              <div id="times-div-Big_Suite">
              </div> <!-- times-div-Big_Suite -->
            </div> <!-- times-div -->
          </div> <!-- main-panel-content rounded-window-bottom -->
        </div> <!-- panel -->
        <div panel-name="reporter-Big_Suite" class="panel">
          <div class="main-panel-header rounded-window-top">
            <span class="header-content">Reporter output for Big Suite</span>
          </div> <!-- main-panel-header rounded-window-top -->
          <div class="main-panel-content rounded-window-bottom">
          </div> <!-- main-panel-content rounded-window-bottom -->
        </div> <!-- panel -->
        <div panel-name="ignored-methods-Big_Suite" class="panel">
          <div class="main-panel-header rounded-window-top">
            <span class="header-content">0 ignored methods</span>
          </div> <!-- main-panel-header rounded-window-top -->
          <div class="main-panel-content rounded-window-bottom">
          </div> <!-- main-panel-content rounded-window-bottom -->
        </div> <!-- panel -->
        <div panel-name="chronological-Big_Suite" class="panel">
          <div class="main-panel-header rounded-window-top">
            <span class="header-content">Methods in chronological order</span>
          </div> <!-- main-panel-header rounded-window-top -->
          <div class="main-panel-content rounded-window-bottom">
            <div class="chronological-class">
              <div class="chronological-class-name">com.packt.tests.FirstTest</div> <!-- chronological-class-name -->
              <div class="configuration-method before">
                <span class="method-name">setUp(chrome, org.testng.TestRunner@2b6856dd)</span>
                <span class="method-start">0 ms</span>
              </div> <!-- configuration-method before -->
            </div> <!-- chronological-class -->
            <div class="chronological-class">
              <div class="chronological-class-name">com.packt.tests.Troubleshooting</div> <!-- chronological-class-name -->
              <div class="configuration-method before">
                <span class="method-name">setUp(chrome, org.testng.TestRunner@7c417213)</span>
                <span class="method-start">0 ms</span>
              </div> <!-- configuration-method before -->
              <div class="test-method">
                <span class="method-name">otherTest</span>
                <span class="method-start">3769 ms</span>
              </div> <!-- test-method -->
            </div> <!-- chronological-class -->
            <div class="chronological-class">
              <div class="chronological-class-name">com.packt.tests.FirstTest</div> <!-- chronological-class-name -->
              <div class="test-method">
                <img src="failed.png">
                </img>
                <span class="method-name">firstTest(tomsmith, SuperSecretPassword!)</span>
                <span class="method-start">3972 ms</span>
              </div> <!-- test-method -->
              <div class="configuration-method after">
                <span class="method-name">tearDown</span>
                <span class="method-start">7321 ms</span>
              </div> <!-- configuration-method after -->
              <div class="configuration-method before">
                <span class="method-name">setUp(chrome, org.testng.TestRunner@2b6856dd)</span>
                <span class="method-start">8029 ms</span>
              </div> <!-- configuration-method before -->
              <div class="test-method">
                <span class="method-name">negativeLogInTest({no=1, password=SuperSecretPassword!, expectedError=Your username is invalid!, username=IncorrectUse...)</span>
                <span class="method-start">10027 ms</span>
              </div> <!-- test-method -->
              <div class="configuration-method after">
                <span class="method-name">tearDown</span>
                <span class="method-start">11992 ms</span>
              </div> <!-- configuration-method after -->
              <div class="configuration-method before">
                <span class="method-name">setUp(chrome, org.testng.TestRunner@2b6856dd)</span>
                <span class="method-start">12701 ms</span>
              </div> <!-- configuration-method before -->
              <div class="test-method">
                <img src="failed.png">
                </img>
                <span class="method-name">negativeLogInTest({no=2, password=IncorrectPassword, expectedError=Your password is invalid!Broken, username=tomsmith})</span>
                <span class="method-start">14622 ms</span>
              </div> <!-- test-method -->
            </div> <!-- chronological-class -->
            <div class="chronological-class">
              <div class="chronological-class-name">com.packt.tests.Troubleshooting</div> <!-- chronological-class-name -->
              <div class="configuration-method after">
                <span class="method-name">tearDown</span>
                <span class="method-start">15027 ms</span>
              </div> <!-- configuration-method after -->
              <div class="configuration-method before">
                <span class="method-name">setUp(chrome, org.testng.TestRunner@7c417213)</span>
                <span class="method-start">15708 ms</span>
              </div> <!-- configuration-method before -->
            </div> <!-- chronological-class -->
            <div class="chronological-class">
              <div class="chronological-class-name">com.packt.tests.FirstTest</div> <!-- chronological-class-name -->
              <div class="configuration-method after">
                <span class="method-name">tearDown</span>
                <span class="method-start">16441 ms</span>
              </div> <!-- configuration-method after -->
            </div> <!-- chronological-class -->
            <div class="chronological-class">
              <div class="chronological-class-name">com.packt.tests.Troubleshooting</div> <!-- chronological-class-name -->
              <div class="test-method">
                <span class="method-name">staleElementTest</span>
                <span class="method-start">18210 ms</span>
              </div> <!-- test-method -->
              <div class="configuration-method after">
                <span class="method-name">tearDown</span>
                <span class="method-start">21098 ms</span>
              </div> <!-- configuration-method after -->
              <div class="configuration-method before">
                <span class="method-name">setUp(chrome, org.testng.TestRunner@7c417213)</span>
                <span class="method-start">21770 ms</span>
              </div> <!-- configuration-method before -->
              <div class="test-method">
                <span class="method-name">visibilityTest</span>
                <span class="method-start">23741 ms</span>
              </div> <!-- test-method -->
              <div class="configuration-method after">
                <span class="method-name">tearDown</span>
                <span class="method-start">31075 ms</span>
              </div> <!-- configuration-method after -->
              <div class="configuration-method before">
                <span class="method-name">setUp(chrome, org.testng.TestRunner@7c417213)</span>
                <span class="method-start">31749 ms</span>
              </div> <!-- configuration-method before -->
              <div class="test-method">
                <img src="failed.png">
                </img>
                <span class="method-name">waitTest</span>
                <span class="method-start">33668 ms</span>
              </div> <!-- test-method -->
              <div class="configuration-method after">
                <span class="method-name">tearDown</span>
                <span class="method-start">40239 ms</span>
              </div> <!-- configuration-method after -->
          </div> <!-- main-panel-content rounded-window-bottom -->
        </div> <!-- panel -->
      </div> <!-- main-panel-root -->
    </div> <!-- wrapper -->
  </body>
</html>
