<?xml version="1.0" encoding="UTF-8"?>
<testng-results skipped="0" failed="1" total="4" passed="3">
  <reporter-output>
  </reporter-output>
  <suite name="Troubleshooting-Suite" duration-ms="41840" started-at="2018-03-27T19:29:57Z" finished-at="2018-03-27T19:30:39Z">
    <groups>
    </groups>
    <test name="Troubleshooting-Test" duration-ms="41840" started-at="2018-03-27T19:29:57Z" finished-at="2018-03-27T19:30:39Z">
      <class name="com.packt.tests.Troubleshooting">
        <test-method status="PASS" signature="setUp(java.lang.String, org.testng.ITestContext)[pri:0, instance:com.packt.tests.Troubleshooting@7cdbc5d3]" name="setUp" is-config="true" duration-ms="3892" started-at="2018-03-27T15:29:57Z" finished-at="2018-03-27T15:30:01Z">
          <params>
            <param index="0">
              <value>
                <![CDATA[chrome]]>
              </value>
            </param>
            <param index="1">
              <value>
                <![CDATA[org.testng.TestRunner@4ddbbdf8]]>
              </value>
            </param>
          </params>
          <reporter-output>
          </reporter-output>
        </test-method> <!-- setUp -->
        <test-method status="PASS" signature="otherTest()[pri:0, instance:com.packt.tests.Troubleshooting@7cdbc5d3]" name="otherTest" duration-ms="10559" started-at="2018-03-27T15:30:01Z" finished-at="2018-03-27T15:30:11Z">
          <reporter-output>
          </reporter-output>
        </test-method> <!-- otherTest -->
        <test-method status="PASS" signature="tearDown()[pri:0, instance:com.packt.tests.Troubleshooting@7cdbc5d3]" name="tearDown" is-config="true" duration-ms="694" started-at="2018-03-27T15:30:11Z" finished-at="2018-03-27T15:30:12Z">
          <reporter-output>
          </reporter-output>
        </test-method> <!-- tearDown -->
        <test-method status="PASS" signature="setUp(java.lang.String, org.testng.ITestContext)[pri:0, instance:com.packt.tests.Troubleshooting@7cdbc5d3]" name="setUp" is-config="true" duration-ms="2482" started-at="2018-03-27T15:30:12Z" finished-at="2018-03-27T15:30:15Z">
          <params>
            <param index="0">
              <value>
                <![CDATA[chrome]]>
              </value>
            </param>
            <param index="1">
              <value>
                <![CDATA[org.testng.TestRunner@4ddbbdf8]]>
              </value>
            </param>
          </params>
          <reporter-output>
          </reporter-output>
        </test-method> <!-- setUp -->
        <test-method status="PASS" signature="staleElementTest()[pri:0, instance:com.packt.tests.Troubleshooting@7cdbc5d3]" name="staleElementTest" duration-ms="3833" started-at="2018-03-27T15:30:15Z" finished-at="2018-03-27T15:30:18Z">
          <reporter-output>
          </reporter-output>
        </test-method> <!-- staleElementTest -->
        <test-method status="PASS" signature="tearDown()[pri:0, instance:com.packt.tests.Troubleshooting@7cdbc5d3]" name="tearDown" is-config="true" duration-ms="704" started-at="2018-03-27T15:30:18Z" finished-at="2018-03-27T15:30:19Z">
          <reporter-output>
          </reporter-output>
        </test-method> <!-- tearDown -->
        <test-method status="PASS" signature="setUp(java.lang.String, org.testng.ITestContext)[pri:0, instance:com.packt.tests.Troubleshooting@7cdbc5d3]" name="setUp" is-config="true" duration-ms="2520" started-at="2018-03-27T15:30:19Z" finished-at="2018-03-27T15:30:22Z">
          <params>
            <param index="0">
              <value>
                <![CDATA[chrome]]>
              </value>
            </param>
            <param index="1">
              <value>
                <![CDATA[org.testng.TestRunner@4ddbbdf8]]>
              </value>
            </param>
          </params>
          <reporter-output>
          </reporter-output>
        </test-method> <!-- setUp -->
        <test-method status="PASS" signature="visibilityTest()[pri:0, instance:com.packt.tests.Troubleshooting@7cdbc5d3]" name="visibilityTest" duration-ms="6692" started-at="2018-03-27T15:30:22Z" finished-at="2018-03-27T15:30:28Z">
          <reporter-output>
          </reporter-output>
        </test-method> <!-- visibilityTest -->
        <test-method status="PASS" signature="tearDown()[pri:0, instance:com.packt.tests.Troubleshooting@7cdbc5d3]" name="tearDown" is-config="true" duration-ms="703" started-at="2018-03-27T15:30:28Z" finished-at="2018-03-27T15:30:29Z">
          <reporter-output>
          </reporter-output>
        </test-method> <!-- tearDown -->
        <test-method status="PASS" signature="setUp(java.lang.String, org.testng.ITestContext)[pri:0, instance:com.packt.tests.Troubleshooting@7cdbc5d3]" name="setUp" is-config="true" duration-ms="2541" started-at="2018-03-27T15:30:29Z" finished-at="2018-03-27T15:30:32Z">
          <params>
            <param index="0">
              <value>
                <![CDATA[chrome]]>
              </value>
            </param>
            <param index="1">
              <value>
                <![CDATA[org.testng.TestRunner@4ddbbdf8]]>
              </value>
            </param>
          </params>
          <reporter-output>
          </reporter-output>
        </test-method> <!-- setUp -->
        <test-method status="FAIL" signature="waitTest()[pri:0, instance:com.packt.tests.Troubleshooting@7cdbc5d3]" name="waitTest" duration-ms="6511" started-at="2018-03-27T15:30:32Z" finished-at="2018-03-27T15:30:38Z">
          <exception class="java.lang.AssertionError">
            <message>
              <![CDATA['Good Bye World! text is not present on the page.' expected [true] but found [false]]]>
            </message>
            <full-stacktrace>
              <![CDATA[java.lang.AssertionError: 'Good Bye World! text is not present on the page.' expected [true] but found [false]
	at org.testng.Assert.fail(Assert.java:94)
	at org.testng.Assert.failNotEquals(Assert.java:494)
	at org.testng.Assert.assertTrue(Assert.java:42)
	at com.packt.tests.Troubleshooting.waitTest(Troubleshooting.java:32)
	at sun.reflect.NativeMethodAccessorImpl.invoke0(Native Method)
	at sun.reflect.NativeMethodAccessorImpl.invoke(NativeMethodAccessorImpl.java:62)
	at sun.reflect.DelegatingMethodAccessorImpl.invoke(DelegatingMethodAccessorImpl.java:43)
	at java.lang.reflect.Method.invoke(Method.java:483)
	at org.testng.internal.MethodInvocationHelper.invokeMethod(MethodInvocationHelper.java:84)
	at org.testng.internal.Invoker.invokeMethod(Invoker.java:714)
	at org.testng.internal.Invoker.invokeTestMethod(Invoker.java:901)
	at org.testng.internal.Invoker.invokeTestMethods(Invoker.java:1231)
	at org.testng.internal.TestMethodWorker.invokeTestMethods(TestMethodWorker.java:127)
	at org.testng.internal.TestMethodWorker.run(TestMethodWorker.java:111)
	at org.testng.TestRunner.privateRun(TestRunner.java:767)
	at org.testng.TestRunner.run(TestRunner.java:617)
	at org.testng.SuiteRunner.runTest(SuiteRunner.java:334)
	at org.testng.SuiteRunner.runSequentially(SuiteRunner.java:329)
	at org.testng.SuiteRunner.privateRun(SuiteRunner.java:291)
	at org.testng.SuiteRunner.run(SuiteRunner.java:240)
	at org.testng.SuiteRunnerWorker.runSuite(SuiteRunnerWorker.java:52)
	at org.testng.SuiteRunnerWorker.run(SuiteRunnerWorker.java:86)
	at org.testng.TestNG.runSuitesSequentially(TestNG.java:1224)
	at org.testng.TestNG.runSuitesLocally(TestNG.java:1149)
	at org.testng.TestNG.run(TestNG.java:1057)
	at org.testng.remote.RemoteTestNG.run(RemoteTestNG.java:111)
	at org.testng.remote.RemoteTestNG.initAndRun(RemoteTestNG.java:204)
	at org.testng.remote.RemoteTestNG.main(RemoteTestNG.java:175)
]]>
            </full-stacktrace>
          </exception> <!-- java.lang.AssertionError -->
          <reporter-output>
          </reporter-output>
        </test-method> <!-- waitTest -->
        <test-method status="PASS" signature="tearDown()[pri:0, instance:com.packt.tests.Troubleshooting@7cdbc5d3]" name="tearDown" is-config="true" duration-ms="687" started-at="2018-03-27T15:30:38Z" finished-at="2018-03-27T15:30:39Z">
          <reporter-output>
          </reporter-output>
        </test-method> <!-- tearDown -->
      </class> <!-- com.packt.tests.Troubleshooting -->
    </test> <!-- Troubleshooting-Test -->
  </suite> <!-- Troubleshooting-Suite -->
</testng-results>
