<?xml version="1.0" encoding="UTF-8"?>
<testng-results skipped="0" failed="1" ignored="0" total="4" passed="3">
  <reporter-output>
  </reporter-output>
  <suite name="Troubleshooting-Suite" duration-ms="39970" started-at="2018-03-27T19:39:31Z" finished-at="2018-03-27T19:40:11Z">
    <groups>
    </groups>
    <test name="Troubleshooting-Test" duration-ms="39970" started-at="2018-03-27T19:39:31Z" finished-at="2018-03-27T19:40:11Z">
      <class name="com.packt.tests.Troubleshooting">
        <test-method status="PASS" signature="setUp(java.lang.String, org.testng.ITestContext)[pri:0, instance:com.packt.tests.Troubleshooting@62043840]" name="setUp" is-config="true" duration-ms="3901" started-at="2018-03-27T19:39:31Z" finished-at="2018-03-27T19:39:35Z">
          <params>
            <param index="0">
              <value>
                <![CDATA[chrome]]>
              </value>
            </param>
            <param index="1">
              <value>
                <![CDATA[org.testng.TestRunner@e383572]]>
              </value>
            </param>
          </params>
          <reporter-output>
          </reporter-output>
        </test-method> <!-- setUp -->
        <test-method status="PASS" signature="otherTest()[pri:0, instance:com.packt.tests.Troubleshooting@62043840]" name="otherTest" duration-ms="10243" started-at="2018-03-27T19:39:35Z" finished-at="2018-03-27T19:39:45Z">
          <reporter-output>
          </reporter-output>
        </test-method> <!-- otherTest -->
        <test-method status="PASS" signature="tearDown()[pri:0, instance:com.packt.tests.Troubleshooting@62043840]" name="tearDown" is-config="true" duration-ms="714" started-at="2018-03-27T19:39:45Z" finished-at="2018-03-27T19:39:46Z">
          <reporter-output>
          </reporter-output>
        </test-method> <!-- tearDown -->
        <test-method status="PASS" signature="setUp(java.lang.String, org.testng.ITestContext)[pri:0, instance:com.packt.tests.Troubleshooting@62043840]" name="setUp" is-config="true" duration-ms="2453" started-at="2018-03-27T19:39:46Z" finished-at="2018-03-27T19:39:48Z">
          <params>
            <param index="0">
              <value>
                <![CDATA[chrome]]>
              </value>
            </param>
            <param index="1">
              <value>
                <![CDATA[org.testng.TestRunner@e383572]]>
              </value>
            </param>
          </params>
          <reporter-output>
          </reporter-output>
        </test-method> <!-- setUp -->
        <test-method status="PASS" signature="staleElementTest()[pri:0, instance:com.packt.tests.Troubleshooting@62043840]" name="staleElementTest" duration-ms="2509" started-at="2018-03-27T19:39:48Z" finished-at="2018-03-27T19:39:51Z">
          <reporter-output>
          </reporter-output>
        </test-method> <!-- staleElementTest -->
        <test-method status="PASS" signature="tearDown()[pri:0, instance:com.packt.tests.Troubleshooting@62043840]" name="tearDown" is-config="true" duration-ms="681" started-at="2018-03-27T19:39:51Z" finished-at="2018-03-27T19:39:51Z">
          <reporter-output>
          </reporter-output>
        </test-method> <!-- tearDown -->
        <test-method status="PASS" signature="setUp(java.lang.String, org.testng.ITestContext)[pri:0, instance:com.packt.tests.Troubleshooting@62043840]" name="setUp" is-config="true" duration-ms="2547" started-at="2018-03-27T19:39:51Z" finished-at="2018-03-27T19:39:54Z">
          <params>
            <param index="0">
              <value>
                <![CDATA[chrome]]>
              </value>
            </param>
            <param index="1">
              <value>
                <![CDATA[org.testng.TestRunner@e383572]]>
              </value>
            </param>
          </params>
          <reporter-output>
          </reporter-output>
        </test-method> <!-- setUp -->
        <test-method status="PASS" signature="visibilityTest()[pri:0, instance:com.packt.tests.Troubleshooting@62043840]" name="visibilityTest" duration-ms="6442" started-at="2018-03-27T19:39:54Z" finished-at="2018-03-27T19:40:00Z">
          <reporter-output>
          </reporter-output>
        </test-method> <!-- visibilityTest -->
        <test-method status="PASS" signature="tearDown()[pri:0, instance:com.packt.tests.Troubleshooting@62043840]" name="tearDown" is-config="true" duration-ms="695" started-at="2018-03-27T19:40:00Z" finished-at="2018-03-27T19:40:01Z">
          <reporter-output>
          </reporter-output>
        </test-method> <!-- tearDown -->
        <test-method status="PASS" signature="setUp(java.lang.String, org.testng.ITestContext)[pri:0, instance:com.packt.tests.Troubleshooting@62043840]" name="setUp" is-config="true" duration-ms="2518" started-at="2018-03-27T19:40:01Z" finished-at="2018-03-27T19:40:03Z">
          <params>
            <param index="0">
              <value>
                <![CDATA[chrome]]>
              </value>
            </param>
            <param index="1">
              <value>
                <![CDATA[org.testng.TestRunner@e383572]]>
              </value>
            </param>
          </params>
          <reporter-output>
          </reporter-output>
        </test-method> <!-- setUp -->
        <test-method status="FAIL" signature="waitTest()[pri:0, instance:com.packt.tests.Troubleshooting@62043840]" name="waitTest" duration-ms="6537" started-at="2018-03-27T19:40:03Z" finished-at="2018-03-27T19:40:10Z">
          <exception class="java.lang.AssertionError">
            <message>
              <![CDATA['Good Bye World! text is not present on the page.' expected [true] but found [false]]]>
            </message>
            <full-stacktrace>
              <![CDATA[java.lang.AssertionError: 'Good Bye World! text is not present on the page.' expected [true] but found [false]
at org.testng.Assert.fail(Assert.java:96)
at org.testng.Assert.failNotEquals(Assert.java:776)
at org.testng.Assert.assertTrue(Assert.java:44)
at com.packt.tests.Troubleshooting.waitTest(Troubleshooting.java:32)
at sun.reflect.NativeMethodAccessorImpl.invoke0(Native Method)
at sun.reflect.NativeMethodAccessorImpl.invoke(NativeMethodAccessorImpl.java:62)
at sun.reflect.DelegatingMethodAccessorImpl.invoke(DelegatingMethodAccessorImpl.java:43)
at java.lang.reflect.Method.invoke(Method.java:483)
at org.testng.internal.MethodInvocationHelper.invokeMethod(MethodInvocationHelper.java:124)
at org.testng.internal.Invoker.invokeMethod(Invoker.java:580)
at org.testng.internal.Invoker.invokeTestMethod(Invoker.java:716)
at org.testng.internal.Invoker.invokeTestMethods(Invoker.java:988)
at org.testng.internal.TestMethodWorker.invokeTestMethods(TestMethodWorker.java:125)
at org.testng.internal.TestMethodWorker.run(TestMethodWorker.java:109)
at org.testng.TestRunner.privateRun(TestRunner.java:648)
at org.testng.TestRunner.run(TestRunner.java:505)
at org.testng.SuiteRunner.runTest(SuiteRunner.java:455)
at org.testng.SuiteRunner.runSequentially(SuiteRunner.java:450)
at org.testng.SuiteRunner.privateRun(SuiteRunner.java:415)
at org.testng.SuiteRunner.run(SuiteRunner.java:364)
at org.testng.SuiteRunnerWorker.runSuite(SuiteRunnerWorker.java:52)
at org.testng.SuiteRunnerWorker.run(SuiteRunnerWorker.java:84)
at org.testng.TestNG.runSuitesSequentially(TestNG.java:1208)
at org.testng.TestNG.runSuitesLocally(TestNG.java:1137)
at org.testng.TestNG.runSuites(TestNG.java:1049)
at org.testng.TestNG.run(TestNG.java:1017)
at org.apache.maven.surefire.testng.TestNGExecutor.run(TestNGExecutor.java:283)
at org.apache.maven.surefire.testng.TestNGXmlTestSuite.execute(TestNGXmlTestSuite.java:75)
at org.apache.maven.surefire.testng.TestNGProvider.invoke(TestNGProvider.java:120)
at org.apache.maven.surefire.booter.ForkedBooter.invokeProviderInSameClassLoader(ForkedBooter.java:373)
at org.apache.maven.surefire.booter.ForkedBooter.runSuitesInProcess(ForkedBooter.java:334)
at org.apache.maven.surefire.booter.ForkedBooter.execute(ForkedBooter.java:119)
at org.apache.maven.surefire.booter.ForkedBooter.main(ForkedBooter.java:407)
]]>
            </full-stacktrace>
          </exception> <!-- java.lang.AssertionError -->
          <reporter-output>
          </reporter-output>
        </test-method> <!-- waitTest -->
        <test-method status="PASS" signature="tearDown()[pri:0, instance:com.packt.tests.Troubleshooting@62043840]" name="tearDown" is-config="true" duration-ms="684" started-at="2018-03-27T19:40:10Z" finished-at="2018-03-27T19:40:11Z">
          <reporter-output>
          </reporter-output>
        </test-method> <!-- tearDown -->
      </class> <!-- com.packt.tests.Troubleshooting -->
    </test> <!-- Troubleshooting-Test -->
  </suite> <!-- Troubleshooting-Suite -->
</testng-results>
