<!DOCTYPE html PUBLIC "-//W3C//DTD XHTML 1.1//EN" "http://www.w3.org/TR/xhtml11/DTD/xhtml11.dtd">
<html xmlns="http://www.w3.org/1999/xhtml"><head><title>TestNG Report</title><style type="text/css">table {margin-bottom:10px;border-collapse:collapse;empty-cells:show}th,td {border:1px solid #009;padding:.25em .5em}th {vertical-align:bottom}td {vertical-align:top}table a {font-weight:bold}.stripe td {background-color: #E6EBF9}.num {text-align:right}.passedodd td {background-color: #3F3}.passedeven td {background-color: #0A0}.skippedodd td {background-color: #DDD}.skippedeven td {background-color: #CCC}.failedodd td,.attn {background-color: #F33}.failedeven td,.stripe .attn {background-color: #D00}.stacktrace {white-space:pre;font-family:monospace}.totop {font-size:85%;text-align:center;border-bottom:2px solid #000}</style></head><body><table><tr><th>Test</th><th># Passed</th><th># Skipped</th><th># Failed</th><th>Time (ms)</th><th>Included Groups</th><th>Excluded Groups</th></tr><tr><th colspan="7">LogIn-Suite</th></tr><tr><td><a href="#t0">LogInTest-Chrome</a></td><td class="num">1</td><td class="num">0</td><td class="num">0</td><td class="num">7,012</td><td></td><td></td></tr><tr class="stripe"><td><a href="#t1">LogInTest-Firefox</a></td><td class="num">1</td><td class="num">0</td><td class="num">0</td><td class="num">11,620</td><td></td><td></td></tr><tr><td><a href="#t2">LogInTest-IE</a></td><td class="num">0</td><td class="num">0</td><td class="num attn">1</td><td class="num">22,207</td><td></td><td></td></tr><tr><th>Total</th><th class="num">2</th><th class="num">0</th><th class="num attn">1</th><th class="num">40,839</th><th colspan="2"></th></tr></table><table><thead><tr><th>Class</th><th>Method</th><th>Start</th><th>Time (ms)</th></tr></thead><tbody><tr><th colspan="4">LogIn-Suite</th></tr></tbody><tbody id="t0"><tr><th colspan="4">LogInTest-Chrome &#8212; passed</th></tr><tr class="passedeven"><td rowspan="1">com.packt.tests.FirstTest</td><td><a href="#m0">firstTest</a></td><td rowspan="1">1521669441564</td><td rowspan="1">2550</td></tr></tbody><tbody id="t1"><tr><th colspan="4">LogInTest-Firefox &#8212; passed</th></tr><tr class="passedeven"><td rowspan="1">com.packt.tests.FirstTest</td><td><a href="#m1">firstTest</a></td><td rowspan="1">1521669446111</td><td rowspan="1">2158</td></tr></tbody><tbody id="t2"><tr><th colspan="4">LogInTest-IE &#8212; failed</th></tr><tr class="failedeven"><td rowspan="1">com.packt.tests.FirstTest</td><td><a href="#m2">firstTest</a></td><td rowspan="1">1521669441775</td><td rowspan="1">17894</td></tr></tbody></table><h2>LogInTest-Chrome</h2><h3 id="m0">com.packt.tests.FirstTest#firstTest</h3><table class="result"><tr class="param"><th>Parameter #1</th><th>Parameter #2</th></tr><tr class="param stripe"><td>tomsmith</td><td>SuperSecretPassword!</td></tr></table><p class="totop"><a href="#summary">back to summary</a></p><h2>LogInTest-Firefox</h2><h3 id="m1">com.packt.tests.FirstTest#firstTest</h3><table class="result"><tr class="param"><th>Parameter #1</th><th>Parameter #2</th></tr><tr class="param stripe"><td>tomsmith</td><td>SuperSecretPassword!</td></tr></table><p class="totop"><a href="#summary">back to summary</a></p><h2>LogInTest-IE</h2><h3 id="m2">com.packt.tests.FirstTest#firstTest</h3><table class="result"><tr class="param"><th>Parameter #1</th><th>Parameter #2</th></tr><tr class="param stripe"><td>tomsmith</td><td>SuperSecretPassword!</td></tr><tr><th colspan="2">Exception</th></tr><tr><td colspan="2"><div class="stacktrace">org.openqa.selenium.TimeoutException: Expected condition failed: waiting for presence of element located by: By.xpath: //a[@class=&apos;button secondary radius&apos;] (tried for 15 second(s) with 500 MILLISECONDS interval)
	at org.openqa.selenium.support.ui.WebDriverWait.timeoutException(WebDriverWait.java:82)
	at org.openqa.selenium.support.ui.FluentWait.until(FluentWait.java:231)
	at com.packt.base.BasePageObject.waitFor(BasePageObject.java:43)
	at com.packt.base.BasePageObject.waitForElementPresent(BasePageObject.java:51)
	at com.herokuapp.SecurePage.waitForSecurePage(SecurePage.java:22)
	at com.packt.tests.FirstTest.firstTest(FirstTest.java:26)
	at java.util.concurrent.FutureTask.run(FutureTask.java:266)
	at java.util.concurrent.ThreadPoolExecutor.runWorker(ThreadPoolExecutor.java:1142)
	at java.util.concurrent.ThreadPoolExecutor$Worker.run(ThreadPoolExecutor.java:617)
	at java.lang.Thread.run(Thread.java:745)
Caused by: org.openqa.selenium.NoSuchElementException: Cannot locate an element using By.xpath: //a[@class=&apos;button secondary radius&apos;]
For documentation on this error, please visit: http://seleniumhq.org/exceptions/no_such_element.html
Build info: version: &apos;3.9.1&apos;, revision: &apos;63f7b50&apos;, time: &apos;2018-02-07T22:25:02.294Z&apos;
System info: host: &apos;DEE-PC&apos;, ip: &apos;192.168.0.2&apos;, os.name: &apos;Windows 8.1&apos;, os.arch: &apos;amd64&apos;, os.version: &apos;6.3&apos;, java.version: &apos;1.8.0_31&apos;
Driver info: driver.version: unknown
	at org.openqa.selenium.support.ui.ExpectedConditions.lambda$findElement$0(ExpectedConditions.java:896)
	at org.openqa.selenium.support.ui.ExpectedConditions$$Lambda$166/756324813.get(Unknown Source)
	at java.util.Optional.orElseThrow(Optional.java:290)
	at org.openqa.selenium.support.ui.ExpectedConditions.findElement(ExpectedConditions.java:895)
	at org.openqa.selenium.support.ui.ExpectedConditions.access$000(ExpectedConditions.java:44)
	at org.openqa.selenium.support.ui.ExpectedConditions$6.apply(ExpectedConditions.java:183)
	at org.openqa.selenium.support.ui.ExpectedConditions$6.apply(ExpectedConditions.java:180)
	at org.openqa.selenium.support.ui.FluentWait.until(FluentWait.java:208)
	... 24 more
... Removed 16 stack frames</div></td></tr></table><p class="totop"><a href="#summary">back to summary</a></p></body></html>